<?xml version="1.0" encoding="UTF-8"?>
<!-- Generated by org.testng.reporters.JUnitXMLReporter -->
<testsuite ignored="7" hostname="IN-2NJHZH3" failures="0" tests="1" name="Default test(failed)" time="4.311" errors="0" timestamp="2024-07-30T21:35:23 IST">
  <testcase classname="HeatMap_TestFunction.Login_Testfuction" name="@BeforeMethod launchBrowser" time="4.24">
    <failure type="org.openqa.selenium.InvalidSelectorException" message="Compound class names not permitted
For documentation on this error, please visit: https://www.selenium.dev/documentation/webdriver/troubleshooting/errors#invalid-selector-exception
Build info: version: &amp;apos;4.23.0&amp;apos;, revision: &amp;apos;4df0a231af&amp;apos;
System info: os.name: &amp;apos;Windows 10&amp;apos;, os.arch: &amp;apos;amd64&amp;apos;, os.version: &amp;apos;10.0&amp;apos;, java.version: &amp;apos;22.0.2&amp;apos;
Driver info: driver.version: unknown">
      <![CDATA[org.openqa.selenium.InvalidSelectorException: Compound class names not permitted
For documentation on this error, please visit: https://www.selenium.dev/documentation/webdriver/troubleshooting/errors#invalid-selector-exception
Build info: version: '4.23.0', revision: '4df0a231af'
System info: os.name: 'Windows 10', os.arch: 'amd64', os.version: '10.0', java.version: '22.0.2'
Driver info: driver.version: unknown
at org.openqa.selenium.By$ByClassName.<init>(By.java:309)
at org.openqa.selenium.By.className(By.java:100)
at org.openqa.selenium.support.How$1.buildBy(How.java:26)
at org.openqa.selenium.support.AbstractFindByBuilder.buildByFromLongFindBy(AbstractFindByBuilder.java:78)
at org.openqa.selenium.support.FindBy$FindByBuilder.buildIt(FindBy.java:85)
at org.openqa.selenium.support.pagefactory.Annotations.buildBy(Annotations.java:82)
at org.openqa.selenium.support.pagefactory.DefaultElementLocator.<init>(DefaultElementLocator.java:58)
at org.openqa.selenium.support.pagefactory.DefaultElementLocator.<init>(DefaultElementLocator.java:46)
at org.openqa.selenium.support.pagefactory.DefaultElementLocatorFactory.createLocator(DefaultElementLocatorFactory.java:32)
at org.openqa.selenium.support.pagefactory.DefaultFieldDecorator.decorate(DefaultFieldDecorator.java:55)
at org.openqa.selenium.support.PageFactory.proxyFields(PageFactory.java:109)
at org.openqa.selenium.support.PageFactory.initElements(PageFactory.java:101)
at org.openqa.selenium.support.PageFactory.initElements(PageFactory.java:88)
at org.openqa.selenium.support.PageFactory.initElements(PageFactory.java:76)
at HeatMap_Pageobjects.ReportDashboard_pageobject.<init>(ReportDashboard_pageobject.java:16)
at TestBase.Login_Testbase.openBrowser(Login_Testbase.java:33)
at HeatMap_TestFunction.Login_Testfuction.launchBrowser(Login_Testfuction.java:15)
at java.base/java.util.ArrayList.forEach(ArrayList.java:1597)
... Removed 29 stack frames]]>
    </failure>
  </testcase> <!-- @BeforeMethod launchBrowser -->
  <testcase classname="HeatMap_TestFunction.Login_Testfuction" name="getPageTitle" time="0.0">
    <skipped/>
  </testcase> <!-- getPageTitle -->
  <testcase classname="HeatMap_TestFunction.Login_Testfuction" name="select_ageFilters" time="0.0">
    <ignored/>
  </testcase> <!-- select_ageFilters -->
  <testcase classname="HeatMap_TestFunction.Login_Testfuction" name="set_moveAfter_Question" time="0.0">
    <ignored/>
  </testcase> <!-- set_moveAfter_Question -->
  <testcase classname="HeatMap_TestFunction.Login_Testfuction" name="launchHeatmap" time="0.0">
    <ignored/>
  </testcase> <!-- launchHeatmap -->
  <testcase classname="HeatMap_TestFunction.Login_Testfuction" name="ViewReport_Heatmap" time="0.0">
    <ignored/>
  </testcase> <!-- ViewReport_Heatmap -->
  <testcase classname="HeatMap_TestFunction.Login_Testfuction" name="saveHeatmap_Report" time="0.0">
    <ignored/>
  </testcase> <!-- saveHeatmap_Report -->
  <testcase classname="HeatMap_TestFunction.Login_Testfuction" name="mouseHover_actionmethod" time="0.0">
    <ignored/>
  </testcase> <!-- mouseHover_actionmethod -->
  <testcase classname="HeatMap_TestFunction.Login_Testfuction" name="TakeAction_Goal" time="0.0">
    <ignored/>
  </testcase> <!-- TakeAction_Goal -->
</testsuite> <!-- Default test(failed) -->
