<?xml version="1.0" encoding="UTF-8"?>
<!-- Generated by org.testng.reporters.JUnitXMLReporter -->
<testsuite ignored="14" hostname="IN-2NJHZH3" failures="0" tests="1" name="Default test" time="9.208" errors="0" timestamp="2024-08-29T22:37:01 IST">
  <testcase classname="HeatMap_TestFunction.Login_Testfuction" name="@BeforeMethod launchBrowser" time="9.145">
    <failure type="org.openqa.selenium.NoSuchElementException" message="no such element: Unable to locate element: {&amp;quot;method&amp;quot;:&amp;quot;css selector&amp;quot;,&amp;quot;selector&amp;quot;:&amp;quot;#email&amp;quot;}
  (Session info: chrome=128.0.6613.85)
For documentation on this error, please visit: https://www.selenium.dev/documentation/webdriver/troubleshooting/errors#no-such-element-exception
Build info: version: &amp;apos;4.23.0&amp;apos;, revision: &amp;apos;4df0a231af&amp;apos;
System info: os.name: &amp;apos;Windows 10&amp;apos;, os.arch: &amp;apos;amd64&amp;apos;, os.version: &amp;apos;10.0&amp;apos;, java.version: &amp;apos;22.0.2&amp;apos;
Driver info: org.openqa.selenium.chrome.ChromeDriver
Command: [7b0c353fe9094be44e0f0cb2ff657a17, findElement {value=email, using=id}]
Capabilities {acceptInsecureCerts: false, browserName: chrome, browserVersion: 128.0.6613.85, chrome: {chromedriverVersion: 128.0.6613.86 (3045ed680fda..., userDataDir: C:\Users\AMariy01\AppData\L...}, fedcm:accounts: true, goog:chromeOptions: {debuggerAddress: localhost:54303}, networkConnectionEnabled: false, pageLoadStrategy: normal, platformName: windows, proxy: Proxy(), se:cdp: ws://localhost:54303/devtoo..., se:cdpVersion: 128.0.6613.85, setWindowRect: true, strictFileInteractability: false, timeouts: {implicit: 0, pageLoad: 300000, script: 30000}, unhandledPromptBehavior: dismiss and notify, webauthn:extension:credBlob: true, webauthn:extension:largeBlob: true, webauthn:extension:minPinLength: true, webauthn:extension:prf: true, webauthn:virtualAuthenticators: true}
Session ID: 7b0c353fe9094be44e0f0cb2ff657a17">
      <![CDATA[org.openqa.selenium.NoSuchElementException: no such element: Unable to locate element: {"method":"css selector","selector":"#email"}
  (Session info: chrome=128.0.6613.85)
For documentation on this error, please visit: https://www.selenium.dev/documentation/webdriver/troubleshooting/errors#no-such-element-exception
Build info: version: '4.23.0', revision: '4df0a231af'
System info: os.name: 'Windows 10', os.arch: 'amd64', os.version: '10.0', java.version: '22.0.2'
Driver info: org.openqa.selenium.chrome.ChromeDriver
Command: [7b0c353fe9094be44e0f0cb2ff657a17, findElement {value=email, using=id}]
Capabilities {acceptInsecureCerts: false, browserName: chrome, browserVersion: 128.0.6613.85, chrome: {chromedriverVersion: 128.0.6613.86 (3045ed680fda..., userDataDir: C:\Users\AMariy01\AppData\L...}, fedcm:accounts: true, goog:chromeOptions: {debuggerAddress: localhost:54303}, networkConnectionEnabled: false, pageLoadStrategy: normal, platformName: windows, proxy: Proxy(), se:cdp: ws://localhost:54303/devtoo..., se:cdpVersion: 128.0.6613.85, setWindowRect: true, strictFileInteractability: false, timeouts: {implicit: 0, pageLoad: 300000, script: 30000}, unhandledPromptBehavior: dismiss and notify, webauthn:extension:credBlob: true, webauthn:extension:largeBlob: true, webauthn:extension:minPinLength: true, webauthn:extension:prf: true, webauthn:virtualAuthenticators: true}
Session ID: 7b0c353fe9094be44e0f0cb2ff657a17
at java.base/jdk.internal.reflect.DirectConstructorHandleAccessor.newInstance(DirectConstructorHandleAccessor.java:62)
at java.base/java.lang.reflect.Constructor.newInstanceWithCaller(Constructor.java:502)
at java.base/java.lang.reflect.Constructor.newInstance(Constructor.java:486)
at org.openqa.selenium.remote.ErrorCodec.decode(ErrorCodec.java:167)
at org.openqa.selenium.remote.codec.w3c.W3CHttpResponseCodec.decode(W3CHttpResponseCodec.java:138)
at org.openqa.selenium.remote.codec.w3c.W3CHttpResponseCodec.decode(W3CHttpResponseCodec.java:50)
at org.openqa.selenium.remote.HttpCommandExecutor.execute(HttpCommandExecutor.java:190)
at org.openqa.selenium.remote.service.DriverCommandExecutor.invokeExecute(DriverCommandExecutor.java:216)
at org.openqa.selenium.remote.service.DriverCommandExecutor.execute(DriverCommandExecutor.java:174)
at org.openqa.selenium.remote.RemoteWebDriver.execute(RemoteWebDriver.java:527)
at org.openqa.selenium.remote.ElementLocation$ElementFinder$2.findElement(ElementLocation.java:165)
at org.openqa.selenium.remote.ElementLocation.findElement(ElementLocation.java:66)
at org.openqa.selenium.remote.RemoteWebDriver.findElement(RemoteWebDriver.java:357)
at org.openqa.selenium.remote.RemoteWebDriver.findElement(RemoteWebDriver.java:351)
at org.openqa.selenium.support.pagefactory.DefaultElementLocator.findElement(DefaultElementLocator.java:68)
at org.openqa.selenium.support.pagefactory.internal.LocatingElementHandler.invoke(LocatingElementHandler.java:38)
at jdk.proxy2/jdk.proxy2.$Proxy12.sendKeys(Unknown Source)
at HeatMap_Pageobjects.Login_PageObject.enter_mailid(Login_PageObject.java:49)
at TestBase.LoginTestbase.LoginCredentials(LoginTestbase.java:51)
at HeatMap_TestFunction.Login_Testfuction.launchBrowser(Login_Testfuction.java:16)
at java.base/jdk.internal.reflect.DirectMethodHandleAccessor.invoke(DirectMethodHandleAccessor.java:103)
at java.base/java.lang.reflect.Method.invoke(Method.java:580)
at org.testng.internal.invokers.MethodInvocationHelper.invokeMethod(MethodInvocationHelper.java:139)
at org.testng.internal.invokers.MethodInvocationHelper.invokeMethodConsideringTimeout(MethodInvocationHelper.java:69)
at org.testng.internal.invokers.ConfigInvoker.invokeConfigurationMethod(ConfigInvoker.java:393)
at org.testng.internal.invokers.ConfigInvoker.invokeConfigurations(ConfigInvoker.java:326)
at org.testng.internal.invokers.TestInvoker.runConfigMethods(TestInvoker.java:810)
at org.testng.internal.invokers.TestInvoker.invokeMethod(TestInvoker.java:578)
at org.testng.internal.invokers.TestInvoker.invokeTestMethod(TestInvoker.java:228)
at org.testng.internal.invokers.MethodRunner.runInSequence(MethodRunner.java:63)
at org.testng.internal.invokers.TestInvoker$MethodInvocationAgent.invoke(TestInvoker.java:961)
at org.testng.internal.invokers.TestInvoker.invokeTestMethods(TestInvoker.java:201)
at org.testng.internal.invokers.TestMethodWorker.invokeTestMethods(TestMethodWorker.java:148)
at org.testng.internal.invokers.TestMethodWorker.run(TestMethodWorker.java:128)
at java.base/java.util.ArrayList.forEach(ArrayList.java:1597)
at org.testng.TestRunner.privateRun(TestRunner.java:819)
at org.testng.TestRunner.run(TestRunner.java:619)
at org.testng.SuiteRunner.runTest(SuiteRunner.java:443)
at org.testng.SuiteRunner.runSequentially(SuiteRunner.java:437)
at org.testng.SuiteRunner.privateRun(SuiteRunner.java:397)
at org.testng.SuiteRunner.run(SuiteRunner.java:336)
at org.testng.SuiteRunnerWorker.runSuite(SuiteRunnerWorker.java:52)
at org.testng.SuiteRunnerWorker.run(SuiteRunnerWorker.java:95)
at org.testng.TestNG.runSuitesSequentially(TestNG.java:1301)
at org.testng.TestNG.runSuitesLocally(TestNG.java:1228)
at org.testng.TestNG.runSuites(TestNG.java:1134)
at org.testng.TestNG.run(TestNG.java:1101)
at org.testng.remote.AbstractRemoteTestNG.run(AbstractRemoteTestNG.java:115)
at org.testng.remote.RemoteTestNG.initAndRun(RemoteTestNG.java:293)
at org.testng.remote.RemoteTestNG.main(RemoteTestNG.java:91)
]]>
    </failure>
  </testcase> <!-- @BeforeMethod launchBrowser -->
  <testcase classname="HeatMap_TestFunction.Login_Testfuction" name="changingDropdown_saveData_GetText" time="0.001">
    <skipped/>
  </testcase> <!-- changingDropdown_saveData_GetText -->
  <testcase classname="HeatMap_TestFunction.Login_Testfuction" name="ViewReport_Heatmap" time="0.0">
    <ignored/>
  </testcase> <!-- ViewReport_Heatmap -->
  <testcase classname="HeatMap_TestFunction.Login_Testfuction" name="Add_benchmarklinkReport" time="0.0">
    <ignored/>
  </testcase> <!-- Add_benchmarklinkReport -->
  <testcase classname="HeatMap_TestFunction.Login_Testfuction" name="openSettings_closeSettings" time="0.0">
    <ignored/>
  </testcase> <!-- openSettings_closeSettings -->
  <testcase classname="HeatMap_TestFunction.Login_Testfuction" name="set_Editsection" time="0.0">
    <ignored/>
  </testcase> <!-- set_Editsection -->
  <testcase classname="HeatMap_TestFunction.Login_Testfuction" name="set_AddsectionandRemove" time="0.0">
    <ignored/>
  </testcase> <!-- set_AddsectionandRemove -->
  <testcase classname="HeatMap_TestFunction.Login_Testfuction" name="delete_savedReports" time="0.0">
    <ignored/>
  </testcase> <!-- delete_savedReports -->
  <testcase classname="HeatMap_TestFunction.Login_Testfuction" name="TakeAction_Goal" time="0.0">
    <ignored/>
  </testcase> <!-- TakeAction_Goal -->
  <testcase classname="HeatMap_TestFunction.Login_Testfuction" name="get_mouseHover_score" time="0.0">
    <ignored/>
  </testcase> <!-- get_mouseHover_score -->
  <testcase classname="HeatMap_TestFunction.Login_Testfuction" name="get_Ungrouped_qus" time="0.0">
    <ignored/>
  </testcase> <!-- get_Ungrouped_qus -->
  <testcase classname="HeatMap_TestFunction.Login_Testfuction" name="launchHeatmap" time="0.0">
    <ignored/>
  </testcase> <!-- launchHeatmap -->
  <testcase classname="HeatMap_TestFunction.Login_Testfuction" name="saveHeatmap_Report" time="0.0">
    <ignored/>
  </testcase> <!-- saveHeatmap_Report -->
  <testcase classname="HeatMap_TestFunction.Login_Testfuction" name="select_Filters" time="0.0">
    <ignored/>
  </testcase> <!-- select_Filters -->
  <testcase classname="HeatMap_TestFunction.Login_Testfuction" name="set_moveAfter_Question" time="0.0">
    <ignored/>
  </testcase> <!-- set_moveAfter_Question -->
  <testcase classname="HeatMap_TestFunction.Login_Testfuction" name="getPageTitle" time="0.0">
    <ignored/>
  </testcase> <!-- getPageTitle -->
</testsuite> <!-- Default test -->
